# project signed-data1 (0.1) configured on Tue Apr 24 14:31:24 2018 by
# waf 1.8.2 (abi 98, python 2070cf0 on linux2)
# using ./waf configure
#
----------------------------------------
Setting top to
/home/ertugrul/Desktop/ndnSIM/ndn-signed-data-master
----------------------------------------
Setting out to
/home/ertugrul/Desktop/ndnSIM/ndn-signed-data-master/build
----------------------------------------
Checking for 'g++' (C++ compiler)
find program=['g++', 'c++'] paths=['/home/ertugrul/bin', '/home/ertugrul/.local/bin', '/usr/local/sbin', '/usr/local/bin', '/usr/sbin', '/usr/bin', '/sbin', '/bin', '/usr/games', '/usr/local/games', '/snap/bin'] var='CXX' -> ['/usr/bin/g++']
find program=['ar'] paths=['/home/ertugrul/bin', '/home/ertugrul/.local/bin', '/usr/local/sbin', '/usr/local/bin', '/usr/sbin', '/usr/bin', '/sbin', '/bin', '/usr/games', '/usr/local/games', '/snap/bin'] var='AR' -> ['/usr/bin/ar']
/usr/bin/g++
----------------------------------------
Checking supported CXXFLAGS
==>

int main(int argc, char **argv) {
	(void)argc; (void)argv;
	return 0;
}

<==
[1/2] Compiling [32mbuild/.conf_check_191a242904f37b2e5e8cc781f4a922fd/test.cpp[0m

['/usr/bin/g++', '-Werror', '-std=c++11', '../test.cpp', '-c', '-o', '/home/ertugrul/Desktop/ndnSIM/ndn-signed-data-master/build/.conf_check_191a242904f37b2e5e8cc781f4a922fd/testbuild/test.cpp.1.o']
[2/2] Linking [33mbuild/.conf_check_191a242904f37b2e5e8cc781f4a922fd/testbuild/testprog[0m

['/usr/bin/g++', 'test.cpp.1.o', '-o', '/home/ertugrul/Desktop/ndnSIM/ndn-signed-data-master/build/.conf_check_191a242904f37b2e5e8cc781f4a922fd/testbuild/testprog', '-Wl,-Bstatic', '-Wl,-Bdynamic']
-std=c++11
----------------------------------------
Checking supported CXXFLAGS
==>

int main(int argc, char **argv) {
	(void)argc; (void)argv;
	return 0;
}

<==
[1/2] Compiling [32mbuild/.conf_check_5f9cb133c6454e3f28c43b29914c5ee7/test.cpp[0m

['/usr/bin/g++', '-std=c++11', '-Werror', '-pedantic', '../test.cpp', '-c', '-o', '/home/ertugrul/Desktop/ndnSIM/ndn-signed-data-master/build/.conf_check_5f9cb133c6454e3f28c43b29914c5ee7/testbuild/test.cpp.1.o']
[2/2] Linking [33mbuild/.conf_check_5f9cb133c6454e3f28c43b29914c5ee7/testbuild/testprog[0m

['/usr/bin/g++', 'test.cpp.1.o', '-o', '/home/ertugrul/Desktop/ndnSIM/ndn-signed-data-master/build/.conf_check_5f9cb133c6454e3f28c43b29914c5ee7/testbuild/testprog', '-Wl,-Bstatic', '-Wl,-Bdynamic']
==>

int main(int argc, char **argv) {
	(void)argc; (void)argv;
	return 0;
}

<==
[1/2] Compiling [32mbuild/.conf_check_13e4e4056c426509a68a622cacf8eaea/test.cpp[0m

['/usr/bin/g++', '-std=c++11', '-Werror', '-Wall', '../test.cpp', '-c', '-o', '/home/ertugrul/Desktop/ndnSIM/ndn-signed-data-master/build/.conf_check_13e4e4056c426509a68a622cacf8eaea/testbuild/test.cpp.1.o']
[2/2] Linking [33mbuild/.conf_check_13e4e4056c426509a68a622cacf8eaea/testbuild/testprog[0m

['/usr/bin/g++', 'test.cpp.1.o', '-o', '/home/ertugrul/Desktop/ndnSIM/ndn-signed-data-master/build/.conf_check_13e4e4056c426509a68a622cacf8eaea/testbuild/testprog', '-Wl,-Bstatic', '-Wl,-Bdynamic']
==>

int main(int argc, char **argv) {
	(void)argc; (void)argv;
	return 0;
}

<==
[1/2] Compiling [32mbuild/.conf_check_9a634b9b8e6f8ce357cf70290a1341bf/test.cpp[0m

['/usr/bin/g++', '-std=c++11', '-Werror', '-O2', '../test.cpp', '-c', '-o', '/home/ertugrul/Desktop/ndnSIM/ndn-signed-data-master/build/.conf_check_9a634b9b8e6f8ce357cf70290a1341bf/testbuild/test.cpp.1.o']
[2/2] Linking [33mbuild/.conf_check_9a634b9b8e6f8ce357cf70290a1341bf/testbuild/testprog[0m

['/usr/bin/g++', 'test.cpp.1.o', '-o', '/home/ertugrul/Desktop/ndnSIM/ndn-signed-data-master/build/.conf_check_9a634b9b8e6f8ce357cf70290a1341bf/testbuild/testprog', '-Wl,-Bstatic', '-Wl,-Bdynamic']
==>

int main(int argc, char **argv) {
	(void)argc; (void)argv;
	return 0;
}

<==
[1/2] Compiling [32mbuild/.conf_check_b42c58bd348b2d0d2bb963ca25c09d2f/test.cpp[0m

['/usr/bin/g++', '-std=c++11', '-Werror', '-g', '../test.cpp', '-c', '-o', '/home/ertugrul/Desktop/ndnSIM/ndn-signed-data-master/build/.conf_check_b42c58bd348b2d0d2bb963ca25c09d2f/testbuild/test.cpp.1.o']
[2/2] Linking [33mbuild/.conf_check_b42c58bd348b2d0d2bb963ca25c09d2f/testbuild/testprog[0m

['/usr/bin/g++', 'test.cpp.1.o', '-o', '/home/ertugrul/Desktop/ndnSIM/ndn-signed-data-master/build/.conf_check_b42c58bd348b2d0d2bb963ca25c09d2f/testbuild/testprog', '-Wl,-Bstatic', '-Wl,-Bdynamic']
-pedantic -Wall -O2 -g
----------------------------------------
Checking for program 'pkg-config'
/usr/bin/pkg-config
find program=['pkg-config'] paths=['/home/ertugrul/bin', '/home/ertugrul/.local/bin', '/usr/local/sbin', '/usr/local/bin', '/usr/sbin', '/usr/bin', '/sbin', '/bin', '/usr/games', '/usr/local/games', '/snap/bin'] var='PKGCONFIG' -> ['/usr/bin/pkg-config']
----------------------------------------
Checking for 'libndn-cxx'
['/usr/bin/pkg-config', '--cflags', '--libs', 'libndn-cxx']
err: Package libndn-cxx was not found in the pkg-config search path.
Perhaps you should add the directory containing `libndn-cxx.pc'
to the PKG_CONFIG_PATH environment variable
No package 'libndn-cxx' found

not found
from /home/ertugrul/Desktop/ndnSIM/ndn-signed-data-master: The configuration failed
